Jun-16 02:29:22.613 [main] DEBUG nextflow.cli.Launcher - $> nextflow run 'https://github.com/farhadm1990/genebrosh' --fastq_dir /path/to/fastq --extension .fastq.gz --cpus 30 --tensor_batch 200 --genome_size 6 --coverage 80 --tax_class true --checkm_lineage_check true --prok_annot true -r main
Jun-16 02:29:22.727 [main] DEBUG nextflow.cli.CmdRun - N E X T F L O W  ~  version 24.04.2
Jun-16 02:29:22.761 [main] DEBUG nextflow.plugin.PluginsFacade - Setting up plugin manager > mode=prod; embedded=false; plugins-dir=/root/.nextflow/plugins; core-plugins: nf-amazon@2.5.2,nf-azure@1.6.0,nf-cloudcache@0.4.1,nf-codecommit@0.2.0,nf-console@1.1.3,nf-ga4gh@1.3.0,nf-google@1.13.2,nf-tower@1.9.1,nf-wave@1.4.2
Jun-16 02:29:22.777 [main] INFO  o.pf4j.DefaultPluginStatusProvider - Enabled plugins: []
Jun-16 02:29:22.779 [main] INFO  o.pf4j.DefaultPluginStatusProvider - Disabled plugins: []
Jun-16 02:29:22.784 [main] INFO  org.pf4j.DefaultPluginManager - PF4J version 3.10.0 in 'deployment' mode
Jun-16 02:29:22.802 [main] INFO  org.pf4j.AbstractPluginManager - No plugins
Jun-16 02:29:22.823 [main] DEBUG nextflow.scm.ProviderConfig - Using SCM config path: /root/.nextflow/scm
Jun-16 02:29:22.884 [main] DEBUG nextflow.scm.RepositoryFactory - Found Git repository result: [RepositoryFactory]
Jun-16 02:29:22.908 [main] DEBUG nextflow.scm.RepositoryFactory - Git url=nextflow.scm.GitUrl(https, null, github.com, farhadm1990/genebrosh) -> config=ProviderConfig[name: github, platform: github, server: https://github.com]
Jun-16 02:29:22.910 [main] DEBUG nextflow.scm.AssetManager - Repository URL: https://github.com/farhadm1990/genebrosh; Project: farhadm1990/genebrosh; Hub provider: github
Jun-16 02:29:23.746 [main] DEBUG nextflow.scm.AssetManager - Git config: /root/.nextflow/assets/farhadm1990/genebrosh/.git/config; branch: master; remote: origin; url: https://github.com/farhadm1990/genebrosh.git
Jun-16 02:29:24.502 [main] INFO  nextflow.scm.AssetManager - NOTE: Your local project version looks outdated - a different revision is available in the remote repository [d9df3909ce]
Jun-16 02:29:24.518 [main] DEBUG nextflow.config.ConfigBuilder - Found config base: /root/.nextflow/assets/farhadm1990/genebrosh/nextflow.config
Jun-16 02:29:24.520 [main] DEBUG nextflow.config.ConfigBuilder - Found config local: /home/hackion/Dropbox/Old-2gb/postdoc/ONT_helper/scripts/genebrosh/nextflow.config
Jun-16 02:29:24.523 [main] DEBUG nextflow.config.ConfigBuilder - Parsing config file: /root/.nextflow/assets/farhadm1990/genebrosh/nextflow.config
Jun-16 02:29:24.524 [main] DEBUG nextflow.config.ConfigBuilder - Parsing config file: /home/hackion/Dropbox/Old-2gb/postdoc/ONT_helper/scripts/genebrosh/nextflow.config
Jun-16 02:29:24.539 [main] DEBUG n.secret.LocalSecretsProvider - Secrets store: /root/.nextflow/secrets/store.json
Jun-16 02:29:24.543 [main] DEBUG nextflow.secret.SecretsLoader - Discovered secrets providers: [nextflow.secret.LocalSecretsProvider@136ccbfe] - activable => nextflow.secret.LocalSecretsProvider@136ccbfe
Jun-16 02:29:24.602 [main] DEBUG nextflow.config.ConfigBuilder - Applying config profile: `standard`
Jun-16 02:29:24.719 [main] DEBUG nextflow.config.ConfigBuilder - Applying config profile: `standard`
Jun-16 02:29:24.800 [main] DEBUG nextflow.cli.CmdRun - Applied DSL=2 from script declaration
Jun-16 02:29:24.802 [main] DEBUG nextflow.cli.CmdRun - Launching `https://github.com/farhadm1990/genebrosh` [admiring_mcclintock] DSL2 - revision: 4163551c27 [main]
Jun-16 02:29:24.806 [main] DEBUG nextflow.plugin.PluginsFacade - Plugins default=[]
Jun-16 02:29:24.806 [main] DEBUG nextflow.plugin.PluginsFacade - Plugins resolved requirement=[]
Jun-16 02:29:24.918 [main] DEBUG nextflow.Session - Session UUID: cfc434b6-a9ad-48d3-a50d-e02dfee8a21c
Jun-16 02:29:24.919 [main] DEBUG nextflow.Session - Run name: admiring_mcclintock
Jun-16 02:29:24.919 [main] DEBUG nextflow.Session - Executor pool size: 12
Jun-16 02:29:24.942 [main] DEBUG nextflow.file.FilePorter - File porter settings maxRetries=3; maxTransfers=50; pollTimeout=null
Jun-16 02:29:24.953 [main] DEBUG nextflow.util.ThreadPoolBuilder - Creating thread pool 'FileTransfer' minSize=10; maxSize=36; workQueue=LinkedBlockingQueue[10000]; allowCoreThreadTimeout=false
Jun-16 02:29:25.005 [main] DEBUG nextflow.cli.CmdRun - 
  Version: 24.04.2 build 5914
  Created: 29-05-2024 06:19 UTC (08:19 CEST)
  System: Linux 6.5.0-17-generic
  Runtime: Groovy 4.0.21 on OpenJDK 64-Bit Server VM 11.0.21+9-post-Ubuntu-0ubuntu122.04
  Encoding: UTF-8 (UTF-8)
  Process: 2207357@hackion [127.0.1.1]
  CPUs: 12 - Mem: 54.9 GB (3.3 GB) - Swap: 2 GB (1.1 GB)
Jun-16 02:29:25.038 [main] DEBUG nextflow.Session - Work-dir: /home/hackion/Dropbox/Old-2gb/postdoc/ONT_helper/scripts/genebrosh/work [ext2/ext3]
Jun-16 02:29:25.039 [main] DEBUG nextflow.Session - Script base path does not exist or is not a directory: /root/.nextflow/assets/farhadm1990/genebrosh/bin
Jun-16 02:29:25.065 [main] DEBUG nextflow.executor.ExecutorFactory - Extension executors providers=[]
Jun-16 02:29:25.086 [main] DEBUG nextflow.Session - Observer factory: DefaultObserverFactory
Jun-16 02:29:25.225 [main] DEBUG nextflow.cache.CacheFactory - Using Nextflow cache factory: nextflow.cache.DefaultCacheFactory
Jun-16 02:29:25.255 [main] DEBUG nextflow.util.CustomThreadPool - Creating default thread pool > poolSize: 13; maxThreads: 1000
Jun-16 02:29:25.456 [main] DEBUG nextflow.Session - Session start
Jun-16 02:29:26.595 [main] DEBUG nextflow.script.ScriptRunner - Parsed script files:
Jun-16 02:29:26.613 [main] ERROR nextflow.cli.Launcher - Script compilation error
- file : /root/.nextflow/assets/farhadm1990/genebrosh/main.nf
- cause: Duplicate entry workflow definition @ line 590, column 9.
   workflow {
           ^

Script compilation error
- file : /root/.nextflow/assets/farhadm1990/genebrosh/main.nf
- cause: Identifier `envSetUP` is already used by another definition @ line 714, column 9.
   process envSetUP {
           ^

Script compilation error
- file : /root/.nextflow/assets/farhadm1990/genebrosh/main.nf
- cause: Identifier `fastqConcater` is already used by another definition @ line 742, column 9.
   process fastqConcater {
           ^

Script compilation error
- file : /root/.nextflow/assets/farhadm1990/genebrosh/main.nf
- cause: Identifier `nano_read_filt` is already used by another definition @ line 850, column 9.
   process nano_read_filt {
           ^

Script compilation error
- file : /root/.nextflow/assets/farhadm1990/genebrosh/main.nf
- cause: Identifier `coverage_filt` is already used by another definition @ line 885, column 9.
   process coverage_filt {
           ^

Script compilation error
- file : /root/.nextflow/assets/farhadm1990/genebrosh/main.nf
- cause: Identifier `assembly_flye1` is already used by another definition @ line 912, column 9.
   process assembly_flye1 {
           ^

Script compilation error
- file : /root/.nextflow/assets/farhadm1990/genebrosh/main.nf
- cause: Identifier `assembly_flye2` is already used by another definition @ line 1008, column 9.
   process assembly_flye2 {
           ^

Script compilation error
- file : /root/.nextflow/assets/farhadm1990/genebrosh/main.nf
- cause: Identifier `prokAnnot` is already used by another definition @ line 1103, column 9.
   process prokAnnot {
           ^

Script compilation error
- file : /root/.nextflow/assets/farhadm1990/genebrosh/main.nf
- cause: Identifier `taxonomyGTDBTK` is already used by another definition @ line 1129, column 9.
   process taxonomyGTDBTK {
           ^

Script compilation error
- file : /root/.nextflow/assets/farhadm1990/genebrosh/main.nf
- cause: Identifier `checkm_lineage` is already used by another definition @ line 1149, column 9.
   process checkm_lineage {
           ^

10 errors

nextflow.exception.ScriptCompilationException: Script compilation error
- file : /root/.nextflow/assets/farhadm1990/genebrosh/main.nf
- cause: Duplicate entry workflow definition @ line 590, column 9.
   workflow {
           ^

Script compilation error
- file : /root/.nextflow/assets/farhadm1990/genebrosh/main.nf
- cause: Identifier `envSetUP` is already used by another definition @ line 714, column 9.
   process envSetUP {
           ^

Script compilation error
- file : /root/.nextflow/assets/farhadm1990/genebrosh/main.nf
- cause: Identifier `fastqConcater` is already used by another definition @ line 742, column 9.
   process fastqConcater {
           ^

Script compilation error
- file : /root/.nextflow/assets/farhadm1990/genebrosh/main.nf
- cause: Identifier `nano_read_filt` is already used by another definition @ line 850, column 9.
   process nano_read_filt {
           ^

Script compilation error
- file : /root/.nextflow/assets/farhadm1990/genebrosh/main.nf
- cause: Identifier `coverage_filt` is already used by another definition @ line 885, column 9.
   process coverage_filt {
           ^

Script compilation error
- file : /root/.nextflow/assets/farhadm1990/genebrosh/main.nf
- cause: Identifier `assembly_flye1` is already used by another definition @ line 912, column 9.
   process assembly_flye1 {
           ^

Script compilation error
- file : /root/.nextflow/assets/farhadm1990/genebrosh/main.nf
- cause: Identifier `assembly_flye2` is already used by another definition @ line 1008, column 9.
   process assembly_flye2 {
           ^

Script compilation error
- file : /root/.nextflow/assets/farhadm1990/genebrosh/main.nf
- cause: Identifier `prokAnnot` is already used by another definition @ line 1103, column 9.
   process prokAnnot {
           ^

Script compilation error
- file : /root/.nextflow/assets/farhadm1990/genebrosh/main.nf
- cause: Identifier `taxonomyGTDBTK` is already used by another definition @ line 1129, column 9.
   process taxonomyGTDBTK {
           ^

Script compilation error
- file : /root/.nextflow/assets/farhadm1990/genebrosh/main.nf
- cause: Identifier `checkm_lineage` is already used by another definition @ line 1149, column 9.
   process checkm_lineage {
           ^

10 errors

	at nextflow.script.ScriptParser.parse0(ScriptParser.groovy:196)
	at nextflow.script.ScriptParser.parse(ScriptParser.groovy:206)
	at nextflow.script.ScriptRunner.parseScript(ScriptRunner.groovy:229)
	at nextflow.script.ScriptRunner.execute(ScriptRunner.groovy:136)
	at nextflow.cli.CmdRun.run(CmdRun.groovy:372)
	at nextflow.cli.Launcher.run(Launcher.groovy:503)
	at nextflow.cli.Launcher.main(Launcher.groovy:657)
Caused by: org.codehaus.groovy.control.MultipleCompilationErrorsException: startup failed:
Script_e1f223c3a6996fc8: 590: Duplicate entry workflow definition @ line 590, column 9.
   workflow {
           ^

Script_e1f223c3a6996fc8: 714: Identifier `envSetUP` is already used by another definition @ line 714, column 9.
   process envSetUP {
           ^

Script_e1f223c3a6996fc8: 742: Identifier `fastqConcater` is already used by another definition @ line 742, column 9.
   process fastqConcater {
           ^

Script_e1f223c3a6996fc8: 850: Identifier `nano_read_filt` is already used by another definition @ line 850, column 9.
   process nano_read_filt {
           ^

Script_e1f223c3a6996fc8: 885: Identifier `coverage_filt` is already used by another definition @ line 885, column 9.
   process coverage_filt {
           ^

Script_e1f223c3a6996fc8: 912: Identifier `assembly_flye1` is already used by another definition @ line 912, column 9.
   process assembly_flye1 {
           ^

Script_e1f223c3a6996fc8: 1008: Identifier `assembly_flye2` is already used by another definition @ line 1008, column 9.
   process assembly_flye2 {
           ^

Script_e1f223c3a6996fc8: 1103: Identifier `prokAnnot` is already used by another definition @ line 1103, column 9.
   process prokAnnot {
           ^

Script_e1f223c3a6996fc8: 1129: Identifier `taxonomyGTDBTK` is already used by another definition @ line 1129, column 9.
   process taxonomyGTDBTK {
           ^

Script_e1f223c3a6996fc8: 1149: Identifier `checkm_lineage` is already used by another definition @ line 1149, column 9.
   process checkm_lineage {
           ^

10 errors

	at org.codehaus.groovy.control.ErrorCollector.failIfErrors(ErrorCollector.java:292)
	at org.codehaus.groovy.control.CompilationUnit$IPrimaryClassNodeOperation.doPhaseOperation(CompilationUnit.java:980)
	at org.codehaus.groovy.control.CompilationUnit.processPhaseOperations(CompilationUnit.java:692)
	at org.codehaus.groovy.control.CompilationUnit.compile(CompilationUnit.java:666)
	at groovy.lang.GroovyClassLoader.doParseClass(GroovyClassLoader.java:373)
	at groovy.lang.GroovyClassLoader.lambda$parseClass$2(GroovyClassLoader.java:316)
	at org.codehaus.groovy.runtime.memoize.StampedCommonCache.compute(StampedCommonCache.java:163)
	at org.codehaus.groovy.runtime.memoize.StampedCommonCache.getAndPut(StampedCommonCache.java:154)
	at groovy.lang.GroovyClassLoader.parseClass(GroovyClassLoader.java:314)
	at groovy.lang.GroovyShell.parseClass(GroovyShell.java:572)
	at groovy.lang.GroovyShell.parse(GroovyShell.java:585)
	at groovy.lang.GroovyShell.parse(GroovyShell.java:639)
	at groovy.lang.GroovyShell.parse(GroovyShell.java:643)
	at nextflow.script.ScriptParser.parse0(ScriptParser.groovy:175)
	... 6 common frames omitted
